<?xml version="1.0" encoding="UTF-8"?>
<testsuite name="unitTests.NumberInversorTest" tests="1" skipped="0" failures="0" errors="0" timestamp="2023-09-29T17:35:57" hostname="LAPTOP-V6TDORT5" time="0.033">
  <properties/>
  <testcase name="testReverseNonNumericValue()" classname="unitTests.NumberInversorTest" time="0.033"/>
  <system-out><![CDATA[]]></system-out>
  <system-err><![CDATA[]]></system-err>
</testsuite>
